{"/home/usuario/prct06-generics-solid-alu0101539669/src/ejercicio1.ts": {"path":"/home/usuario/prct06-generics-solid-alu0101539669/src/ejercicio1.ts","all":false,"statementMap":{"15":{"start":{"line":16,"column":0},"end":{"line":16,"column":70}},"16":{"start":{"line":17,"column":0},"end":{"line":17,"column":43}},"18":{"start":{"line":19,"column":0},"end":{"line":19,"column":37}},"19":{"start":{"line":20,"column":0},"end":{"line":20,"column":51}},"20":{"start":{"line":21,"column":0},"end":{"line":21,"column":42}},"21":{"start":{"line":22,"column":0},"end":{"line":22,"column":10}},"22":{"start":{"line":23,"column":0},"end":{"line":23,"column":5}},"24":{"start":{"line":25,"column":0},"end":{"line":25,"column":37}},"25":{"start":{"line":26,"column":0},"end":{"line":26,"column":51}},"26":{"start":{"line":27,"column":0},"end":{"line":27,"column":42}},"27":{"start":{"line":28,"column":0},"end":{"line":28,"column":10}},"28":{"start":{"line":29,"column":0},"end":{"line":29,"column":5}},"30":{"start":{"line":31,"column":0},"end":{"line":31,"column":39}},"31":{"start":{"line":32,"column":0},"end":{"line":32,"column":51}},"32":{"start":{"line":33,"column":0},"end":{"line":33,"column":44}},"33":{"start":{"line":34,"column":0},"end":{"line":34,"column":10}},"34":{"start":{"line":35,"column":0},"end":{"line":35,"column":5}},"36":{"start":{"line":37,"column":0},"end":{"line":37,"column":45}},"37":{"start":{"line":38,"column":0},"end":{"line":38,"column":51}},"38":{"start":{"line":39,"column":0},"end":{"line":39,"column":50}},"39":{"start":{"line":40,"column":0},"end":{"line":40,"column":10}},"40":{"start":{"line":41,"column":0},"end":{"line":41,"column":5}},"42":{"start":{"line":43,"column":0},"end":{"line":43,"column":1}},"66":{"start":{"line":67,"column":0},"end":{"line":67,"column":73}},"67":{"start":{"line":68,"column":0},"end":{"line":68,"column":39}},"68":{"start":{"line":69,"column":0},"end":{"line":69,"column":26}},"69":{"start":{"line":70,"column":0},"end":{"line":70,"column":5}},"70":{"start":{"line":71,"column":0},"end":{"line":71,"column":1}},"72":{"start":{"line":73,"column":0},"end":{"line":73,"column":71}},"73":{"start":{"line":74,"column":0},"end":{"line":74,"column":38}},"74":{"start":{"line":75,"column":0},"end":{"line":75,"column":26}},"75":{"start":{"line":76,"column":0},"end":{"line":76,"column":5}},"76":{"start":{"line":77,"column":0},"end":{"line":77,"column":1}},"78":{"start":{"line":79,"column":0},"end":{"line":79,"column":83}},"79":{"start":{"line":80,"column":0},"end":{"line":80,"column":44}},"80":{"start":{"line":81,"column":0},"end":{"line":81,"column":26}},"81":{"start":{"line":82,"column":0},"end":{"line":82,"column":5}},"82":{"start":{"line":83,"column":0},"end":{"line":83,"column":1}}},"s":{"15":1,"16":1,"18":1,"19":11,"20":33,"21":11,"22":11,"24":1,"25":7,"26":21,"27":7,"28":7,"30":1,"31":11,"32":33,"33":11,"34":11,"36":1,"37":9,"38":27,"39":9,"40":9,"42":1,"66":1,"67":1,"68":1,"69":1,"70":1,"72":1,"73":1,"74":1,"75":1,"76":1,"78":1,"79":1,"80":1,"81":1,"82":1},"branchMap":{"0":{"type":"branch","line":17,"loc":{"start":{"line":17,"column":4},"end":{"line":17,"column":43}},"locations":[{"start":{"line":17,"column":4},"end":{"line":17,"column":43}}]},"1":{"type":"branch","line":19,"loc":{"start":{"line":19,"column":4},"end":{"line":23,"column":5}},"locations":[{"start":{"line":19,"column":4},"end":{"line":23,"column":5}}]},"2":{"type":"branch","line":20,"loc":{"start":{"line":20,"column":38},"end":{"line":21,"column":42}},"locations":[{"start":{"line":20,"column":38},"end":{"line":21,"column":42}}]},"3":{"type":"branch","line":25,"loc":{"start":{"line":25,"column":4},"end":{"line":29,"column":5}},"locations":[{"start":{"line":25,"column":4},"end":{"line":29,"column":5}}]},"4":{"type":"branch","line":26,"loc":{"start":{"line":26,"column":38},"end":{"line":27,"column":42}},"locations":[{"start":{"line":26,"column":38},"end":{"line":27,"column":42}}]},"5":{"type":"branch","line":31,"loc":{"start":{"line":31,"column":4},"end":{"line":35,"column":5}},"locations":[{"start":{"line":31,"column":4},"end":{"line":35,"column":5}}]},"6":{"type":"branch","line":32,"loc":{"start":{"line":32,"column":38},"end":{"line":33,"column":44}},"locations":[{"start":{"line":32,"column":38},"end":{"line":33,"column":44}}]},"7":{"type":"branch","line":37,"loc":{"start":{"line":37,"column":4},"end":{"line":41,"column":5}},"locations":[{"start":{"line":37,"column":4},"end":{"line":41,"column":5}}]},"8":{"type":"branch","line":38,"loc":{"start":{"line":38,"column":38},"end":{"line":39,"column":50}},"locations":[{"start":{"line":38,"column":38},"end":{"line":39,"column":50}}]},"9":{"type":"branch","line":68,"loc":{"start":{"line":68,"column":4},"end":{"line":70,"column":5}},"locations":[{"start":{"line":68,"column":4},"end":{"line":70,"column":5}}]},"10":{"type":"branch","line":74,"loc":{"start":{"line":74,"column":4},"end":{"line":76,"column":5}},"locations":[{"start":{"line":74,"column":4},"end":{"line":76,"column":5}}]},"11":{"type":"branch","line":80,"loc":{"start":{"line":80,"column":4},"end":{"line":82,"column":5}},"locations":[{"start":{"line":80,"column":4},"end":{"line":82,"column":5}}]}},"b":{"0":[3],"1":[11],"2":[33],"3":[7],"4":[21],"5":[11],"6":[33],"7":[9],"8":[27],"9":[1],"10":[1],"11":[1]},"fnMap":{"0":{"name":"BasicStreamableCollection","decl":{"start":{"line":17,"column":4},"end":{"line":17,"column":43}},"loc":{"start":{"line":17,"column":4},"end":{"line":17,"column":43}},"line":17},"1":{"name":"searchByYear","decl":{"start":{"line":19,"column":4},"end":{"line":23,"column":5}},"loc":{"start":{"line":19,"column":4},"end":{"line":23,"column":5}},"line":19},"2":{"name":"searchByName","decl":{"start":{"line":25,"column":4},"end":{"line":29,"column":5}},"loc":{"start":{"line":25,"column":4},"end":{"line":29,"column":5}},"line":25},"3":{"name":"searchByGenre","decl":{"start":{"line":31,"column":4},"end":{"line":35,"column":5}},"loc":{"start":{"line":31,"column":4},"end":{"line":35,"column":5}},"line":31},"4":{"name":"searchByDirector","decl":{"start":{"line":37,"column":4},"end":{"line":41,"column":5}},"loc":{"start":{"line":37,"column":4},"end":{"line":41,"column":5}},"line":37},"5":{"name":"SeriesCollection","decl":{"start":{"line":68,"column":4},"end":{"line":70,"column":5}},"loc":{"start":{"line":68,"column":4},"end":{"line":70,"column":5}},"line":68},"6":{"name":"MovieCollection","decl":{"start":{"line":74,"column":4},"end":{"line":76,"column":5}},"loc":{"start":{"line":74,"column":4},"end":{"line":76,"column":5}},"line":74},"7":{"name":"DocumentaryCollection","decl":{"start":{"line":80,"column":4},"end":{"line":82,"column":5}},"loc":{"start":{"line":80,"column":4},"end":{"line":82,"column":5}},"line":80}},"f":{"0":3,"1":11,"2":7,"3":11,"4":9,"5":1,"6":1,"7":1}}
,"/home/usuario/prct06-generics-solid-alu0101539669/src/ejercicio2.ts": {"path":"/home/usuario/prct06-generics-solid-alu0101539669/src/ejercicio2.ts","all":false,"statementMap":{"21":{"start":{"line":22,"column":0},"end":{"line":22,"column":65}},"22":{"start":{"line":23,"column":0},"end":{"line":23,"column":42}},"24":{"start":{"line":25,"column":0},"end":{"line":25,"column":50}},"25":{"start":{"line":26,"column":0},"end":{"line":26,"column":1}},"30":{"start":{"line":31,"column":0},"end":{"line":31,"column":22}},"31":{"start":{"line":32,"column":0},"end":{"line":32,"column":135}},"33":{"start":{"line":34,"column":0},"end":{"line":34,"column":47}},"34":{"start":{"line":35,"column":0},"end":{"line":35,"column":65}},"35":{"start":{"line":36,"column":0},"end":{"line":36,"column":88}},"36":{"start":{"line":37,"column":0},"end":{"line":37,"column":1}},"41":{"start":{"line":42,"column":0},"end":{"line":42,"column":20}},"42":{"start":{"line":43,"column":0},"end":{"line":43,"column":93}},"44":{"start":{"line":45,"column":0},"end":{"line":45,"column":47}},"45":{"start":{"line":46,"column":0},"end":{"line":46,"column":41}},"46":{"start":{"line":47,"column":0},"end":{"line":47,"column":56}},"47":{"start":{"line":48,"column":0},"end":{"line":48,"column":1}},"52":{"start":{"line":53,"column":0},"end":{"line":53,"column":21}},"53":{"start":{"line":54,"column":0},"end":{"line":54,"column":89}},"55":{"start":{"line":56,"column":0},"end":{"line":56,"column":47}},"56":{"start":{"line":57,"column":0},"end":{"line":57,"column":41}},"57":{"start":{"line":58,"column":0},"end":{"line":58,"column":50}},"58":{"start":{"line":59,"column":0},"end":{"line":59,"column":1}},"63":{"start":{"line":64,"column":0},"end":{"line":64,"column":22}},"64":{"start":{"line":65,"column":0},"end":{"line":65,"column":132}},"66":{"start":{"line":67,"column":0},"end":{"line":67,"column":47}},"67":{"start":{"line":68,"column":0},"end":{"line":68,"column":51}},"68":{"start":{"line":69,"column":0},"end":{"line":69,"column":47}},"69":{"start":{"line":70,"column":0},"end":{"line":70,"column":80}},"70":{"start":{"line":71,"column":0},"end":{"line":71,"column":1}},"75":{"start":{"line":76,"column":0},"end":{"line":76,"column":32}},"76":{"start":{"line":77,"column":0},"end":{"line":77,"column":47}},"78":{"start":{"line":79,"column":0},"end":{"line":79,"column":54}},"80":{"start":{"line":81,"column":0},"end":{"line":81,"column":23}},"81":{"start":{"line":82,"column":0},"end":{"line":82,"column":108}},"82":{"start":{"line":83,"column":0},"end":{"line":83,"column":5}},"84":{"start":{"line":85,"column":0},"end":{"line":85,"column":56}},"85":{"start":{"line":86,"column":0},"end":{"line":86,"column":77}},"86":{"start":{"line":87,"column":0},"end":{"line":87,"column":5}},"88":{"start":{"line":89,"column":0},"end":{"line":89,"column":52}},"89":{"start":{"line":90,"column":0},"end":{"line":90,"column":165}},"90":{"start":{"line":91,"column":0},"end":{"line":91,"column":5}},"92":{"start":{"line":93,"column":0},"end":{"line":93,"column":56}},"93":{"start":{"line":94,"column":0},"end":{"line":94,"column":76}},"94":{"start":{"line":95,"column":0},"end":{"line":95,"column":95}},"95":{"start":{"line":96,"column":0},"end":{"line":96,"column":49}},"96":{"start":{"line":97,"column":0},"end":{"line":97,"column":5}},"98":{"start":{"line":99,"column":0},"end":{"line":99,"column":53}},"99":{"start":{"line":100,"column":0},"end":{"line":100,"column":43}},"100":{"start":{"line":101,"column":0},"end":{"line":101,"column":5}},"102":{"start":{"line":103,"column":0},"end":{"line":103,"column":51}},"103":{"start":{"line":104,"column":0},"end":{"line":104,"column":93}},"104":{"start":{"line":105,"column":0},"end":{"line":105,"column":5}},"106":{"start":{"line":107,"column":0},"end":{"line":107,"column":65}},"107":{"start":{"line":108,"column":0},"end":{"line":108,"column":107}},"108":{"start":{"line":109,"column":0},"end":{"line":109,"column":5}},"109":{"start":{"line":110,"column":0},"end":{"line":110,"column":1}}},"s":{"21":1,"22":1,"24":1,"25":1,"30":1,"31":1,"33":1,"34":1,"35":1,"36":1,"41":1,"42":1,"44":1,"45":1,"46":1,"47":1,"52":1,"53":1,"55":1,"56":1,"57":1,"58":1,"63":1,"64":1,"66":1,"67":1,"68":1,"69":1,"70":1,"75":1,"76":1,"78":1,"80":1,"81":0,"82":0,"84":1,"85":2,"86":2,"88":1,"89":2,"90":2,"92":1,"93":2,"94":2,"95":2,"96":2,"98":1,"99":1,"100":1,"102":1,"103":1,"104":1,"106":1,"107":1,"108":1,"109":1},"branchMap":{"0":{"type":"branch","line":23,"loc":{"start":{"line":23,"column":4},"end":{"line":23,"column":42}},"locations":[{"start":{"line":23,"column":4},"end":{"line":23,"column":42}}]},"1":{"type":"branch","line":25,"loc":{"start":{"line":25,"column":4},"end":{"line":25,"column":50}},"locations":[{"start":{"line":25,"column":4},"end":{"line":25,"column":50}}]},"2":{"type":"branch","line":32,"loc":{"start":{"line":32,"column":4},"end":{"line":32,"column":135}},"locations":[{"start":{"line":32,"column":4},"end":{"line":32,"column":135}}]},"3":{"type":"branch","line":34,"loc":{"start":{"line":34,"column":4},"end":{"line":34,"column":47}},"locations":[{"start":{"line":34,"column":4},"end":{"line":34,"column":47}}]},"4":{"type":"branch","line":36,"loc":{"start":{"line":36,"column":4},"end":{"line":36,"column":88}},"locations":[{"start":{"line":36,"column":4},"end":{"line":36,"column":88}}]},"5":{"type":"branch","line":43,"loc":{"start":{"line":43,"column":4},"end":{"line":43,"column":93}},"locations":[{"start":{"line":43,"column":4},"end":{"line":43,"column":93}}]},"6":{"type":"branch","line":45,"loc":{"start":{"line":45,"column":4},"end":{"line":45,"column":47}},"locations":[{"start":{"line":45,"column":4},"end":{"line":45,"column":47}}]},"7":{"type":"branch","line":47,"loc":{"start":{"line":47,"column":4},"end":{"line":47,"column":56}},"locations":[{"start":{"line":47,"column":4},"end":{"line":47,"column":56}}]},"8":{"type":"branch","line":54,"loc":{"start":{"line":54,"column":4},"end":{"line":54,"column":89}},"locations":[{"start":{"line":54,"column":4},"end":{"line":54,"column":89}}]},"9":{"type":"branch","line":58,"loc":{"start":{"line":58,"column":4},"end":{"line":58,"column":50}},"locations":[{"start":{"line":58,"column":4},"end":{"line":58,"column":50}}]},"10":{"type":"branch","line":65,"loc":{"start":{"line":65,"column":4},"end":{"line":65,"column":132}},"locations":[{"start":{"line":65,"column":4},"end":{"line":65,"column":132}}]},"11":{"type":"branch","line":67,"loc":{"start":{"line":67,"column":4},"end":{"line":67,"column":47}},"locations":[{"start":{"line":67,"column":4},"end":{"line":67,"column":47}}]},"12":{"type":"branch","line":68,"loc":{"start":{"line":68,"column":4},"end":{"line":68,"column":51}},"locations":[{"start":{"line":68,"column":4},"end":{"line":68,"column":51}}]},"13":{"type":"branch","line":70,"loc":{"start":{"line":70,"column":5},"end":{"line":70,"column":80}},"locations":[{"start":{"line":70,"column":5},"end":{"line":70,"column":80}}]},"14":{"type":"branch","line":77,"loc":{"start":{"line":77,"column":4},"end":{"line":77,"column":47}},"locations":[{"start":{"line":77,"column":4},"end":{"line":77,"column":47}}]},"15":{"type":"branch","line":85,"loc":{"start":{"line":85,"column":4},"end":{"line":87,"column":5}},"locations":[{"start":{"line":85,"column":4},"end":{"line":87,"column":5}}]},"16":{"type":"branch","line":86,"loc":{"start":{"line":86,"column":34},"end":{"line":86,"column":75}},"locations":[{"start":{"line":86,"column":34},"end":{"line":86,"column":75}}]},"17":{"type":"branch","line":89,"loc":{"start":{"line":89,"column":4},"end":{"line":91,"column":5}},"locations":[{"start":{"line":89,"column":4},"end":{"line":91,"column":5}}]},"18":{"type":"branch","line":90,"loc":{"start":{"line":90,"column":37},"end":{"line":90,"column":75}},"locations":[{"start":{"line":90,"column":37},"end":{"line":90,"column":75}}]},"19":{"type":"branch","line":90,"loc":{"start":{"line":90,"column":84},"end":{"line":90,"column":107}},"locations":[{"start":{"line":90,"column":84},"end":{"line":90,"column":107}}]},"20":{"type":"branch","line":90,"loc":{"start":{"line":90,"column":114},"end":{"line":90,"column":154}},"locations":[{"start":{"line":90,"column":114},"end":{"line":90,"column":154}}]},"21":{"type":"branch","line":93,"loc":{"start":{"line":93,"column":4},"end":{"line":97,"column":5}},"locations":[{"start":{"line":93,"column":4},"end":{"line":97,"column":5}}]},"22":{"type":"branch","line":94,"loc":{"start":{"line":94,"column":37},"end":{"line":94,"column":75}},"locations":[{"start":{"line":94,"column":37},"end":{"line":94,"column":75}}]},"23":{"type":"branch","line":95,"loc":{"start":{"line":95,"column":21},"end":{"line":95,"column":94}},"locations":[{"start":{"line":95,"column":21},"end":{"line":95,"column":94}}]},"24":{"type":"branch","line":95,"loc":{"start":{"line":95,"column":39},"end":{"line":95,"column":66}},"locations":[{"start":{"line":95,"column":39},"end":{"line":95,"column":66}}]},"25":{"type":"branch","line":95,"loc":{"start":{"line":95,"column":62},"end":{"line":95,"column":94}},"locations":[{"start":{"line":95,"column":62},"end":{"line":95,"column":94}}]},"26":{"type":"branch","line":96,"loc":{"start":{"line":96,"column":18},"end":{"line":96,"column":47}},"locations":[{"start":{"line":96,"column":18},"end":{"line":96,"column":47}}]},"27":{"type":"branch","line":99,"loc":{"start":{"line":99,"column":4},"end":{"line":101,"column":5}},"locations":[{"start":{"line":99,"column":4},"end":{"line":101,"column":5}}]},"28":{"type":"branch","line":103,"loc":{"start":{"line":103,"column":4},"end":{"line":105,"column":5}},"locations":[{"start":{"line":103,"column":4},"end":{"line":105,"column":5}}]},"29":{"type":"branch","line":104,"loc":{"start":{"line":104,"column":43},"end":{"line":104,"column":90}},"locations":[{"start":{"line":104,"column":43},"end":{"line":104,"column":90}}]},"30":{"type":"branch","line":107,"loc":{"start":{"line":107,"column":4},"end":{"line":109,"column":5}},"locations":[{"start":{"line":107,"column":4},"end":{"line":109,"column":5}}]},"31":{"type":"branch","line":108,"loc":{"start":{"line":108,"column":43},"end":{"line":108,"column":104}},"locations":[{"start":{"line":108,"column":43},"end":{"line":108,"column":104}}]}},"b":{"0":[1],"1":[4],"2":[1],"3":[2],"4":[4],"5":[1],"6":[2],"7":[5],"8":[1],"9":[2],"10":[2],"11":[4],"12":[2],"13":[2],"14":[1],"15":[2],"16":[2],"17":[2],"18":[2],"19":[4],"20":[2],"21":[2],"22":[2],"23":[4],"24":[2],"25":[2],"26":[4],"27":[1],"28":[1],"29":[2],"30":[1],"31":[2]},"fnMap":{"0":{"name":"DiscografiaCollection","decl":{"start":{"line":23,"column":4},"end":{"line":23,"column":42}},"loc":{"start":{"line":23,"column":4},"end":{"line":23,"column":42}},"line":23},"1":{"name":"getElementos","decl":{"start":{"line":25,"column":4},"end":{"line":25,"column":50}},"loc":{"start":{"line":25,"column":4},"end":{"line":25,"column":50}},"line":25},"2":{"name":"Artista","decl":{"start":{"line":32,"column":4},"end":{"line":32,"column":135}},"loc":{"start":{"line":32,"column":4},"end":{"line":32,"column":135}},"line":32},"3":{"name":"getNombre","decl":{"start":{"line":34,"column":4},"end":{"line":34,"column":47}},"loc":{"start":{"line":34,"column":4},"end":{"line":34,"column":47}},"line":34},"4":{"name":"getNumeroDeOyentes","decl":{"start":{"line":35,"column":4},"end":{"line":35,"column":65}},"loc":{"start":{"line":35,"column":4},"end":{"line":35,"column":65}},"line":35},"5":{"name":"getDiscografia","decl":{"start":{"line":36,"column":4},"end":{"line":36,"column":88}},"loc":{"start":{"line":36,"column":4},"end":{"line":36,"column":88}},"line":36},"6":{"name":"Disco","decl":{"start":{"line":43,"column":4},"end":{"line":43,"column":93}},"loc":{"start":{"line":43,"column":4},"end":{"line":43,"column":93}},"line":43},"7":{"name":"getNombre","decl":{"start":{"line":45,"column":4},"end":{"line":45,"column":47}},"loc":{"start":{"line":45,"column":4},"end":{"line":45,"column":47}},"line":45},"8":{"name":"getAño","decl":{"start":{"line":46,"column":4},"end":{"line":46,"column":41}},"loc":{"start":{"line":46,"column":4},"end":{"line":46,"column":41}},"line":46},"9":{"name":"getCanciones","decl":{"start":{"line":47,"column":4},"end":{"line":47,"column":56}},"loc":{"start":{"line":47,"column":4},"end":{"line":47,"column":56}},"line":47},"10":{"name":"Single","decl":{"start":{"line":54,"column":4},"end":{"line":54,"column":89}},"loc":{"start":{"line":54,"column":4},"end":{"line":54,"column":89}},"line":54},"11":{"name":"getNombre","decl":{"start":{"line":56,"column":4},"end":{"line":56,"column":47}},"loc":{"start":{"line":56,"column":4},"end":{"line":56,"column":47}},"line":56},"12":{"name":"getAño","decl":{"start":{"line":57,"column":4},"end":{"line":57,"column":41}},"loc":{"start":{"line":57,"column":4},"end":{"line":57,"column":41}},"line":57},"13":{"name":"getCancion","decl":{"start":{"line":58,"column":4},"end":{"line":58,"column":50}},"loc":{"start":{"line":58,"column":4},"end":{"line":58,"column":50}},"line":58},"14":{"name":"Cancion","decl":{"start":{"line":65,"column":4},"end":{"line":65,"column":132}},"loc":{"start":{"line":65,"column":4},"end":{"line":65,"column":132}},"line":65},"15":{"name":"getNombre","decl":{"start":{"line":67,"column":4},"end":{"line":67,"column":47}},"loc":{"start":{"line":67,"column":4},"end":{"line":67,"column":47}},"line":67},"16":{"name":"getDuracion","decl":{"start":{"line":68,"column":4},"end":{"line":68,"column":51}},"loc":{"start":{"line":68,"column":4},"end":{"line":68,"column":51}},"line":68},"17":{"name":"getGenero","decl":{"start":{"line":69,"column":4},"end":{"line":69,"column":47}},"loc":{"start":{"line":69,"column":4},"end":{"line":69,"column":47}},"line":69},"18":{"name":"getNumeroDeReproducciones","decl":{"start":{"line":70,"column":5},"end":{"line":70,"column":80}},"loc":{"start":{"line":70,"column":5},"end":{"line":70,"column":80}},"line":70},"19":{"name":"BibliotecaMusical","decl":{"start":{"line":77,"column":4},"end":{"line":77,"column":47}},"loc":{"start":{"line":77,"column":4},"end":{"line":77,"column":47}},"line":77},"20":{"name":"getArtistas","decl":{"start":{"line":79,"column":4},"end":{"line":79,"column":54}},"loc":{"start":{"line":79,"column":4},"end":{"line":79,"column":54}},"line":79},"21":{"name":"mostrarArtistas","decl":{"start":{"line":81,"column":4},"end":{"line":83,"column":5}},"loc":{"start":{"line":81,"column":4},"end":{"line":83,"column":5}},"line":81},"22":{"name":"buscarArtista","decl":{"start":{"line":85,"column":4},"end":{"line":87,"column":5}},"loc":{"start":{"line":85,"column":4},"end":{"line":87,"column":5}},"line":85},"23":{"name":"buscarDisco","decl":{"start":{"line":89,"column":4},"end":{"line":91,"column":5}},"loc":{"start":{"line":89,"column":4},"end":{"line":91,"column":5}},"line":89},"24":{"name":"buscarCancion","decl":{"start":{"line":93,"column":4},"end":{"line":97,"column":5}},"loc":{"start":{"line":93,"column":4},"end":{"line":97,"column":5}},"line":93},"25":{"name":"calcularNumeroDeCanciones","decl":{"start":{"line":99,"column":4},"end":{"line":101,"column":5}},"loc":{"start":{"line":99,"column":4},"end":{"line":101,"column":5}},"line":99},"26":{"name":"calcularDuracionDeDisco","decl":{"start":{"line":103,"column":4},"end":{"line":105,"column":5}},"loc":{"start":{"line":103,"column":4},"end":{"line":105,"column":5}},"line":103},"27":{"name":"calcularNumeroDeReproduccionesDeDisco","decl":{"start":{"line":107,"column":4},"end":{"line":109,"column":5}},"loc":{"start":{"line":107,"column":4},"end":{"line":109,"column":5}},"line":107}},"f":{"0":1,"1":4,"2":1,"3":2,"4":0,"5":4,"6":1,"7":2,"8":0,"9":5,"10":1,"11":0,"12":0,"13":2,"14":2,"15":4,"16":2,"17":0,"18":2,"19":1,"20":0,"21":0,"22":2,"23":2,"24":2,"25":1,"26":1,"27":1}}
,"/home/usuario/prct06-generics-solid-alu0101539669/src/ejercicio3.ts": {"path":"/home/usuario/prct06-generics-solid-alu0101539669/src/ejercicio3.ts","all":true,"statementMap":{"53":{"start":{"line":54,"column":0},"end":{"line":54,"column":25}},"62":{"start":{"line":63,"column":0},"end":{"line":63,"column":38}},"63":{"start":{"line":64,"column":0},"end":{"line":64,"column":42}},"65":{"start":{"line":66,"column":0},"end":{"line":66,"column":25}},"66":{"start":{"line":67,"column":0},"end":{"line":67,"column":9}},"67":{"start":{"line":68,"column":0},"end":{"line":68,"column":53}},"68":{"start":{"line":69,"column":0},"end":{"line":69,"column":21}},"69":{"start":{"line":70,"column":0},"end":{"line":70,"column":56}},"70":{"start":{"line":71,"column":0},"end":{"line":71,"column":16}},"71":{"start":{"line":72,"column":0},"end":{"line":72,"column":5}},"72":{"start":{"line":73,"column":0},"end":{"line":73,"column":3}},"74":{"start":{"line":75,"column":0},"end":{"line":75,"column":36}},"75":{"start":{"line":76,"column":0},"end":{"line":76,"column":9}},"76":{"start":{"line":77,"column":0},"end":{"line":77,"column":53}},"77":{"start":{"line":78,"column":0},"end":{"line":78,"column":51}},"78":{"start":{"line":79,"column":0},"end":{"line":79,"column":21}},"79":{"start":{"line":80,"column":0},"end":{"line":80,"column":63}},"80":{"start":{"line":81,"column":0},"end":{"line":81,"column":5}},"81":{"start":{"line":82,"column":0},"end":{"line":82,"column":3}},"82":{"start":{"line":83,"column":0},"end":{"line":83,"column":1}},"85":{"start":{"line":86,"column":0},"end":{"line":86,"column":19}},"86":{"start":{"line":87,"column":0},"end":{"line":87,"column":42}},"88":{"start":{"line":89,"column":0},"end":{"line":89,"column":29}},"89":{"start":{"line":90,"column":0},"end":{"line":90,"column":31}},"90":{"start":{"line":91,"column":0},"end":{"line":91,"column":3}},"92":{"start":{"line":93,"column":0},"end":{"line":93,"column":40}},"93":{"start":{"line":94,"column":0},"end":{"line":94,"column":29}},"94":{"start":{"line":95,"column":0},"end":{"line":95,"column":3}},"95":{"start":{"line":96,"column":0},"end":{"line":96,"column":1}},"98":{"start":{"line":99,"column":0},"end":{"line":99,"column":68}},"101":{"start":{"line":102,"column":0},"end":{"line":102,"column":56}},"104":{"start":{"line":105,"column":0},"end":{"line":105,"column":74}},"107":{"start":{"line":108,"column":0},"end":{"line":108,"column":56}}},"s":{"53":0,"62":0,"63":0,"65":0,"66":0,"67":0,"68":0,"69":0,"70":0,"71":0,"72":0,"74":0,"75":0,"76":0,"77":0,"78":0,"79":0,"80":0,"81":0,"82":0,"85":0,"86":0,"88":0,"89":0,"90":0,"92":0,"93":0,"94":0,"95":0,"98":0,"101":0,"104":0,"107":0},"branchMap":{"0":{"type":"branch","line":1,"loc":{"start":{"line":1,"column":3557},"end":{"line":108,"column":56}},"locations":[{"start":{"line":1,"column":3557},"end":{"line":108,"column":56}}]}},"b":{"0":[1]},"fnMap":{"0":{"name":"(empty-report)","decl":{"start":{"line":1,"column":3557},"end":{"line":108,"column":56}},"loc":{"start":{"line":1,"column":3557},"end":{"line":108,"column":56}},"line":1}},"f":{"0":1}}
,"/home/usuario/prct06-generics-solid-alu0101539669/src/ejercicio4.ts": {"path":"/home/usuario/prct06-generics-solid-alu0101539669/src/ejercicio4.ts","all":true,"statementMap":{"63":{"start":{"line":64,"column":0},"end":{"line":64,"column":36}},"64":{"start":{"line":65,"column":0},"end":{"line":65,"column":15}},"65":{"start":{"line":66,"column":0},"end":{"line":66,"column":31}},"66":{"start":{"line":67,"column":0},"end":{"line":67,"column":1}},"67":{"start":{"line":68,"column":0},"end":{"line":68,"column":1}},"69":{"start":{"line":70,"column":0},"end":{"line":70,"column":36}},"70":{"start":{"line":71,"column":0},"end":{"line":71,"column":14}},"71":{"start":{"line":72,"column":0},"end":{"line":72,"column":31}},"72":{"start":{"line":73,"column":0},"end":{"line":73,"column":1}},"73":{"start":{"line":74,"column":0},"end":{"line":74,"column":1}},"75":{"start":{"line":76,"column":0},"end":{"line":76,"column":54}},"76":{"start":{"line":77,"column":0},"end":{"line":77,"column":15}},"77":{"start":{"line":78,"column":0},"end":{"line":78,"column":31}},"78":{"start":{"line":79,"column":0},"end":{"line":79,"column":1}},"80":{"start":{"line":81,"column":0},"end":{"line":81,"column":14}},"81":{"start":{"line":82,"column":0},"end":{"line":82,"column":31}},"82":{"start":{"line":83,"column":0},"end":{"line":83,"column":1}},"83":{"start":{"line":84,"column":0},"end":{"line":84,"column":1}},"86":{"start":{"line":87,"column":0},"end":{"line":87,"column":30}},"88":{"start":{"line":89,"column":0},"end":{"line":89,"column":16}},"90":{"start":{"line":91,"column":0},"end":{"line":91,"column":30}},"92":{"start":{"line":93,"column":0},"end":{"line":93,"column":15}},"94":{"start":{"line":95,"column":0},"end":{"line":95,"column":44}},"96":{"start":{"line":97,"column":0},"end":{"line":97,"column":23}},"98":{"start":{"line":99,"column":0},"end":{"line":99,"column":22}}},"s":{"63":0,"64":0,"65":0,"66":0,"67":0,"69":0,"70":0,"71":0,"72":0,"73":0,"75":0,"76":0,"77":0,"78":0,"80":0,"81":0,"82":0,"83":0,"86":0,"88":0,"90":0,"92":0,"94":0,"96":0,"98":0},"branchMap":{"0":{"type":"branch","line":1,"loc":{"start":{"line":1,"column":2212},"end":{"line":99,"column":22}},"locations":[{"start":{"line":1,"column":2212},"end":{"line":99,"column":22}}]}},"b":{"0":[1]},"fnMap":{"0":{"name":"(empty-report)","decl":{"start":{"line":1,"column":2212},"end":{"line":99,"column":22}},"loc":{"start":{"line":1,"column":2212},"end":{"line":99,"column":22}},"line":1}},"f":{"0":1}}
,"/home/usuario/prct06-generics-solid-alu0101539669/src/ejercicio5.ts": {"path":"/home/usuario/prct06-generics-solid-alu0101539669/src/ejercicio5.ts","all":true,"statementMap":{"44":{"start":{"line":45,"column":0},"end":{"line":45,"column":53}},"45":{"start":{"line":46,"column":0},"end":{"line":46,"column":35}},"46":{"start":{"line":47,"column":0},"end":{"line":47,"column":63}},"47":{"start":{"line":48,"column":0},"end":{"line":48,"column":5}},"48":{"start":{"line":49,"column":0},"end":{"line":49,"column":3}},"51":{"start":{"line":52,"column":0},"end":{"line":52,"column":60}},"52":{"start":{"line":53,"column":0},"end":{"line":53,"column":35}},"53":{"start":{"line":54,"column":0},"end":{"line":54,"column":61}},"54":{"start":{"line":55,"column":0},"end":{"line":55,"column":5}},"55":{"start":{"line":56,"column":0},"end":{"line":56,"column":3}},"58":{"start":{"line":59,"column":0},"end":{"line":59,"column":18}},"59":{"start":{"line":60,"column":0},"end":{"line":60,"column":68}},"61":{"start":{"line":62,"column":0},"end":{"line":62,"column":45}},"62":{"start":{"line":63,"column":0},"end":{"line":63,"column":47}},"63":{"start":{"line":64,"column":0},"end":{"line":64,"column":5}},"64":{"start":{"line":65,"column":0},"end":{"line":65,"column":3}},"67":{"start":{"line":68,"column":0},"end":{"line":68,"column":57}},"68":{"start":{"line":69,"column":0},"end":{"line":69,"column":49}},"70":{"start":{"line":71,"column":0},"end":{"line":71,"column":71}},"71":{"start":{"line":72,"column":0},"end":{"line":72,"column":56}}},"s":{"44":0,"45":0,"46":0,"47":0,"48":0,"51":0,"52":0,"53":0,"54":0,"55":0,"58":0,"59":0,"61":0,"62":0,"63":0,"64":0,"67":0,"68":0,"70":0,"71":0},"branchMap":{"0":{"type":"branch","line":1,"loc":{"start":{"line":1,"column":2712},"end":{"line":72,"column":56}},"locations":[{"start":{"line":1,"column":2712},"end":{"line":72,"column":56}}]}},"b":{"0":[1]},"fnMap":{"0":{"name":"(empty-report)","decl":{"start":{"line":1,"column":2712},"end":{"line":72,"column":56}},"loc":{"start":{"line":1,"column":2712},"end":{"line":72,"column":56}},"line":1}},"f":{"0":1}}
,"/home/usuario/prct06-generics-solid-alu0101539669/src/ejercicio6.ts": {"path":"/home/usuario/prct06-generics-solid-alu0101539669/src/ejercicio6.ts","all":true,"statementMap":{"29":{"start":{"line":30,"column":0},"end":{"line":30,"column":33}},"30":{"start":{"line":31,"column":0},"end":{"line":31,"column":17}},"31":{"start":{"line":32,"column":0},"end":{"line":32,"column":31}},"32":{"start":{"line":33,"column":0},"end":{"line":33,"column":5}},"33":{"start":{"line":34,"column":0},"end":{"line":34,"column":3}},"35":{"start":{"line":36,"column":0},"end":{"line":36,"column":42}},"36":{"start":{"line":37,"column":0},"end":{"line":37,"column":17}},"37":{"start":{"line":38,"column":0},"end":{"line":38,"column":31}},"38":{"start":{"line":39,"column":0},"end":{"line":39,"column":5}},"39":{"start":{"line":40,"column":0},"end":{"line":40,"column":3}},"41":{"start":{"line":42,"column":0},"end":{"line":42,"column":37}},"43":{"start":{"line":44,"column":0},"end":{"line":44,"column":30}},"44":{"start":{"line":45,"column":0},"end":{"line":45,"column":17}},"45":{"start":{"line":46,"column":0},"end":{"line":46,"column":37}},"46":{"start":{"line":47,"column":0},"end":{"line":47,"column":5}},"47":{"start":{"line":48,"column":0},"end":{"line":48,"column":3}},"50":{"start":{"line":51,"column":0},"end":{"line":51,"column":32}},"51":{"start":{"line":52,"column":0},"end":{"line":52,"column":16}},"53":{"start":{"line":54,"column":0},"end":{"line":54,"column":32}},"54":{"start":{"line":55,"column":0},"end":{"line":55,"column":16}}},"s":{"29":0,"30":0,"31":0,"32":0,"33":0,"35":0,"36":0,"37":0,"38":0,"39":0,"41":0,"43":0,"44":0,"45":0,"46":0,"47":0,"50":0,"51":0,"53":0,"54":0},"branchMap":{"0":{"type":"branch","line":1,"loc":{"start":{"line":1,"column":1552},"end":{"line":55,"column":16}},"locations":[{"start":{"line":1,"column":1552},"end":{"line":55,"column":16}}]}},"b":{"0":[1]},"fnMap":{"0":{"name":"(empty-report)","decl":{"start":{"line":1,"column":1552},"end":{"line":55,"column":16}},"loc":{"start":{"line":1,"column":1552},"end":{"line":55,"column":16}},"line":1}},"f":{"0":1}}
,"/home/usuario/prct06-generics-solid-alu0101539669/src/ejerciciomod.ts": {"path":"/home/usuario/prct06-generics-solid-alu0101539669/src/ejerciciomod.ts","all":false,"statementMap":{"41":{"start":{"line":42,"column":0},"end":{"line":42,"column":68}},"42":{"start":{"line":43,"column":0},"end":{"line":43,"column":31}},"48":{"start":{"line":49,"column":0},"end":{"line":49,"column":35}},"49":{"start":{"line":50,"column":0},"end":{"line":50,"column":34}},"50":{"start":{"line":51,"column":0},"end":{"line":51,"column":5}},"57":{"start":{"line":58,"column":0},"end":{"line":58,"column":41}},"58":{"start":{"line":59,"column":0},"end":{"line":59,"column":36}},"59":{"start":{"line":60,"column":0},"end":{"line":60,"column":5}},"65":{"start":{"line":66,"column":0},"end":{"line":66,"column":41}},"66":{"start":{"line":67,"column":0},"end":{"line":67,"column":36}},"67":{"start":{"line":68,"column":0},"end":{"line":68,"column":5}},"68":{"start":{"line":69,"column":0},"end":{"line":69,"column":1}},"75":{"start":{"line":76,"column":0},"end":{"line":76,"column":57}},"77":{"start":{"line":78,"column":0},"end":{"line":78,"column":25}},"78":{"start":{"line":79,"column":0},"end":{"line":79,"column":30}},"85":{"start":{"line":86,"column":0},"end":{"line":86,"column":49}},"86":{"start":{"line":87,"column":0},"end":{"line":87,"column":26}},"87":{"start":{"line":88,"column":0},"end":{"line":88,"column":36}},"88":{"start":{"line":89,"column":0},"end":{"line":89,"column":5}},"90":{"start":{"line":91,"column":0},"end":{"line":91,"column":21}},"91":{"start":{"line":92,"column":0},"end":{"line":92,"column":26}},"92":{"start":{"line":93,"column":0},"end":{"line":93,"column":5}},"94":{"start":{"line":95,"column":0},"end":{"line":95,"column":26}},"95":{"start":{"line":96,"column":0},"end":{"line":96,"column":31}},"96":{"start":{"line":97,"column":0},"end":{"line":97,"column":5}},"98":{"start":{"line":99,"column":0},"end":{"line":99,"column":27}},"99":{"start":{"line":100,"column":0},"end":{"line":100,"column":52}},"100":{"start":{"line":101,"column":0},"end":{"line":101,"column":66}},"101":{"start":{"line":102,"column":0},"end":{"line":102,"column":49}},"102":{"start":{"line":103,"column":0},"end":{"line":103,"column":23}},"103":{"start":{"line":104,"column":0},"end":{"line":104,"column":5}},"105":{"start":{"line":106,"column":0},"end":{"line":106,"column":33}},"106":{"start":{"line":107,"column":0},"end":{"line":107,"column":52}},"107":{"start":{"line":108,"column":0},"end":{"line":108,"column":67}},"108":{"start":{"line":109,"column":0},"end":{"line":109,"column":50}},"109":{"start":{"line":110,"column":0},"end":{"line":110,"column":23}},"110":{"start":{"line":111,"column":0},"end":{"line":111,"column":5}},"112":{"start":{"line":113,"column":0},"end":{"line":113,"column":32}},"113":{"start":{"line":114,"column":0},"end":{"line":114,"column":101}},"114":{"start":{"line":115,"column":0},"end":{"line":115,"column":106}},"115":{"start":{"line":116,"column":0},"end":{"line":116,"column":50}},"116":{"start":{"line":117,"column":0},"end":{"line":117,"column":23}},"117":{"start":{"line":118,"column":0},"end":{"line":118,"column":5}},"119":{"start":{"line":120,"column":0},"end":{"line":120,"column":30}},"120":{"start":{"line":121,"column":0},"end":{"line":121,"column":180}},"121":{"start":{"line":122,"column":0},"end":{"line":122,"column":181}},"122":{"start":{"line":123,"column":0},"end":{"line":123,"column":51}},"123":{"start":{"line":124,"column":0},"end":{"line":124,"column":21}},"124":{"start":{"line":125,"column":0},"end":{"line":125,"column":5}},"127":{"start":{"line":128,"column":0},"end":{"line":128,"column":1}}},"s":{"41":1,"42":1,"48":1,"49":2,"50":2,"57":1,"58":1,"59":1,"65":1,"66":2,"67":2,"68":1,"75":1,"77":1,"78":23,"85":1,"86":23,"87":23,"88":23,"90":1,"91":22,"92":22,"94":1,"95":22,"96":22,"98":1,"99":2,"100":2,"101":2,"102":2,"103":2,"105":1,"106":1,"107":1,"108":1,"109":1,"110":1,"112":1,"113":2,"114":2,"115":2,"116":2,"117":2,"119":1,"120":2,"121":2,"122":2,"123":2,"124":2,"127":1},"branchMap":{"0":{"type":"branch","line":43,"loc":{"start":{"line":43,"column":12},"end":{"line":43,"column":31}},"locations":[{"start":{"line":43,"column":12},"end":{"line":43,"column":31}}]},"1":{"type":"branch","line":49,"loc":{"start":{"line":49,"column":4},"end":{"line":51,"column":5}},"locations":[{"start":{"line":49,"column":4},"end":{"line":51,"column":5}}]},"2":{"type":"branch","line":58,"loc":{"start":{"line":58,"column":4},"end":{"line":60,"column":5}},"locations":[{"start":{"line":58,"column":4},"end":{"line":60,"column":5}}]},"3":{"type":"branch","line":66,"loc":{"start":{"line":66,"column":4},"end":{"line":68,"column":5}},"locations":[{"start":{"line":66,"column":4},"end":{"line":68,"column":5}}]},"4":{"type":"branch","line":78,"loc":{"start":{"line":78,"column":12},"end":{"line":79,"column":30}},"locations":[{"start":{"line":78,"column":12},"end":{"line":79,"column":30}}]},"5":{"type":"branch","line":86,"loc":{"start":{"line":86,"column":4},"end":{"line":89,"column":5}},"locations":[{"start":{"line":86,"column":4},"end":{"line":89,"column":5}}]},"6":{"type":"branch","line":91,"loc":{"start":{"line":91,"column":4},"end":{"line":93,"column":5}},"locations":[{"start":{"line":91,"column":4},"end":{"line":93,"column":5}}]},"7":{"type":"branch","line":95,"loc":{"start":{"line":95,"column":4},"end":{"line":97,"column":5}},"locations":[{"start":{"line":95,"column":4},"end":{"line":97,"column":5}}]},"8":{"type":"branch","line":99,"loc":{"start":{"line":99,"column":4},"end":{"line":104,"column":5}},"locations":[{"start":{"line":99,"column":4},"end":{"line":104,"column":5}}]},"9":{"type":"branch","line":106,"loc":{"start":{"line":106,"column":4},"end":{"line":111,"column":5}},"locations":[{"start":{"line":106,"column":4},"end":{"line":111,"column":5}}]},"10":{"type":"branch","line":113,"loc":{"start":{"line":113,"column":4},"end":{"line":118,"column":5}},"locations":[{"start":{"line":113,"column":4},"end":{"line":118,"column":5}}]},"11":{"type":"branch","line":120,"loc":{"start":{"line":120,"column":4},"end":{"line":125,"column":5}},"locations":[{"start":{"line":120,"column":4},"end":{"line":125,"column":5}}]}},"b":{"0":[2],"1":[2],"2":[1],"3":[2],"4":[23],"5":[23],"6":[22],"7":[22],"8":[2],"9":[1],"10":[2],"11":[2]},"fnMap":{"0":{"name":"<instance_members_initializer>","decl":{"start":{"line":43,"column":12},"end":{"line":43,"column":31}},"loc":{"start":{"line":43,"column":12},"end":{"line":43,"column":31}},"line":43},"1":{"name":"addArithmeticable","decl":{"start":{"line":49,"column":4},"end":{"line":51,"column":5}},"loc":{"start":{"line":49,"column":4},"end":{"line":51,"column":5}},"line":49},"2":{"name":"getArithmeticable","decl":{"start":{"line":58,"column":4},"end":{"line":60,"column":5}},"loc":{"start":{"line":58,"column":4},"end":{"line":60,"column":5}},"line":58},"3":{"name":"getNumbeOfArithmeticables","decl":{"start":{"line":66,"column":4},"end":{"line":68,"column":5}},"loc":{"start":{"line":66,"column":4},"end":{"line":68,"column":5}},"line":66},"4":{"name":"<instance_members_initializer>","decl":{"start":{"line":78,"column":12},"end":{"line":79,"column":30}},"loc":{"start":{"line":78,"column":12},"end":{"line":79,"column":30}},"line":78},"5":{"name":"Complex","decl":{"start":{"line":86,"column":4},"end":{"line":89,"column":5}},"loc":{"start":{"line":86,"column":4},"end":{"line":89,"column":5}},"line":86},"6":{"name":"get RealNumber","decl":{"start":{"line":91,"column":4},"end":{"line":93,"column":5}},"loc":{"start":{"line":91,"column":4},"end":{"line":93,"column":5}},"line":91},"7":{"name":"get ImaginaryNumber","decl":{"start":{"line":95,"column":4},"end":{"line":97,"column":5}},"loc":{"start":{"line":95,"column":4},"end":{"line":97,"column":5}},"line":95},"8":{"name":"add","decl":{"start":{"line":99,"column":4},"end":{"line":104,"column":5}},"loc":{"start":{"line":99,"column":4},"end":{"line":104,"column":5}},"line":99},"9":{"name":"substract","decl":{"start":{"line":106,"column":4},"end":{"line":111,"column":5}},"loc":{"start":{"line":106,"column":4},"end":{"line":111,"column":5}},"line":106},"10":{"name":"multiply","decl":{"start":{"line":113,"column":4},"end":{"line":118,"column":5}},"loc":{"start":{"line":113,"column":4},"end":{"line":118,"column":5}},"line":113},"11":{"name":"divide","decl":{"start":{"line":120,"column":4},"end":{"line":125,"column":5}},"loc":{"start":{"line":120,"column":4},"end":{"line":125,"column":5}},"line":120}},"f":{"0":2,"1":2,"2":1,"3":2,"4":23,"5":23,"6":22,"7":22,"8":2,"9":1,"10":2,"11":2}}
}
